TN:
SF:src/classes/Game.ts
FN:16,(anonymous_0)
FN:26,(anonymous_1)
FN:39,(anonymous_2)
FN:43,(anonymous_3)
FN:47,(anonymous_4)
FN:56,(anonymous_5)
FN:64,(anonymous_6)
FN:76,(anonymous_7)
FN:84,(anonymous_8)
FN:88,(anonymous_9)
FN:92,(anonymous_10)
FN:94,(anonymous_11)
FN:98,(anonymous_12)
FN:101,(anonymous_13)
FN:110,(anonymous_14)
FN:113,(anonymous_15)
FN:130,(anonymous_16)
FN:144,(anonymous_17)
FN:151,(anonymous_18)
FN:158,(anonymous_19)
FN:167,(anonymous_20)
FN:188,(anonymous_21)
FNF:22
FNH:21
FNDA:1,(anonymous_0)
FNDA:2,(anonymous_1)
FNDA:0,(anonymous_2)
FNDA:1,(anonymous_3)
FNDA:1,(anonymous_4)
FNDA:1,(anonymous_5)
FNDA:3,(anonymous_6)
FNDA:1,(anonymous_7)
FNDA:1,(anonymous_8)
FNDA:1,(anonymous_9)
FNDA:1,(anonymous_10)
FNDA:2,(anonymous_11)
FNDA:1,(anonymous_12)
FNDA:2,(anonymous_13)
FNDA:3,(anonymous_14)
FNDA:1,(anonymous_15)
FNDA:8,(anonymous_16)
FNDA:1,(anonymous_17)
FNDA:4,(anonymous_18)
FNDA:4,(anonymous_19)
FNDA:5,(anonymous_20)
FNDA:1,(anonymous_21)
DA:1,1
DA:3,1
DA:9,1
DA:17,1
DA:18,1
DA:19,1
DA:20,1
DA:21,1
DA:22,1
DA:27,2
DA:28,2
DA:30,2
DA:32,2000
DA:33,2000
DA:35,2
DA:40,0
DA:44,1
DA:48,1
DA:49,1
DA:50,1
DA:51,3
DA:52,3
DA:57,1
DA:58,1
DA:59,2
DA:65,3
DA:66,3
DA:68,3
DA:69,3
DA:70,3
DA:72,0
DA:77,1
DA:78,1
DA:79,1
DA:80,1
DA:85,1
DA:89,1
DA:93,1
DA:94,2
DA:99,1
DA:100,1
DA:101,2
DA:103,1
DA:104,1
DA:107,0
DA:111,3
DA:113,3
DA:114,1
DA:115,1
DA:120,1
DA:121,1
DA:122,1
DA:130,3
DA:131,8
DA:132,8
DA:134,8
DA:135,8
DA:144,3
DA:145,1
DA:146,1
DA:147,1
DA:151,3
DA:152,4
DA:158,3
DA:159,4
DA:168,5
DA:169,0
DA:171,5
DA:172,5
DA:173,5
DA:174,2
DA:176,5
DA:177,1
DA:179,5
DA:180,1
DA:182,5
DA:183,1
DA:189,1
DA:190,2
DA:191,1
LF:80
LH:76
BRDA:65,0,0,3
BRDA:65,0,1,0
BRDA:77,1,0,1
BRDA:99,2,0,1
BRDA:103,3,0,1
BRDA:120,4,0,1
BRDA:132,5,0,8
BRDA:146,6,0,1
BRDA:168,7,0,0
BRDA:172,8,0,5
BRDA:172,9,0,5
BRDA:172,9,1,5
BRDA:173,10,0,2
BRDA:173,11,0,5
BRDA:173,11,1,4
BRDA:176,12,0,1
BRDA:179,13,0,1
BRDA:182,14,0,1
BRDA:190,15,0,1
BRF:19
BRH:17
end_of_record
TN:
SF:src/classes/Piece.ts
FN:7,(anonymous_0)
FN:9,(anonymous_1)
FN:16,(anonymous_2)
FN:21,(anonymous_3)
FN:25,(anonymous_4)
FNF:5
FNH:5
FNDA:13,(anonymous_0)
FNDA:41,(anonymous_1)
FNDA:50,(anonymous_2)
FNDA:3,(anonymous_3)
FNDA:12,(anonymous_4)
DA:1,3
DA:3,3
DA:8,13
DA:9,41
DA:10,2
DA:12,11
DA:17,50
DA:18,50
DA:22,3
DA:26,12
LF:10
LH:10
BRDA:9,0,0,2
BRDA:9,0,1,11
BRF:2
BRH:2
end_of_record
TN:
SF:src/classes/Player.ts
FN:27,(anonymous_0)
FN:45,(anonymous_1)
FN:51,(anonymous_2)
FN:69,(anonymous_3)
FN:75,(anonymous_4)
FN:93,(anonymous_5)
FN:97,(anonymous_6)
FN:111,(anonymous_7)
FN:119,(anonymous_8)
FN:128,(anonymous_9)
FN:134,(anonymous_10)
FN:142,(anonymous_11)
FN:153,(anonymous_12)
FN:164,(anonymous_13)
FN:176,(anonymous_14)
FN:188,(anonymous_15)
FN:201,(anonymous_16)
FN:219,(anonymous_17)
FN:231,(anonymous_18)
FN:248,(anonymous_19)
FN:260,(anonymous_20)
FN:264,(anonymous_21)
FN:271,(anonymous_22)
FNF:23
FNH:21
FNDA:5,(anonymous_0)
FNDA:1,(anonymous_1)
FNDA:6,(anonymous_2)
FNDA:6,(anonymous_3)
FNDA:2,(anonymous_4)
FNDA:4,(anonymous_5)
FNDA:0,(anonymous_6)
FNDA:4,(anonymous_7)
FNDA:0,(anonymous_8)
FNDA:9,(anonymous_9)
FNDA:1,(anonymous_10)
FNDA:8,(anonymous_11)
FNDA:4,(anonymous_12)
FNDA:2,(anonymous_13)
FNDA:2,(anonymous_14)
FNDA:2,(anonymous_15)
FNDA:2,(anonymous_16)
FNDA:2,(anonymous_17)
FNDA:6,(anonymous_18)
FNDA:3,(anonymous_19)
FNDA:3,(anonymous_20)
FNDA:2,(anonymous_21)
FNDA:51,(anonymous_22)
DA:1,2
DA:2,2
DA:3,2
DA:12,2
DA:28,5
DA:29,5
DA:30,5
DA:31,5
DA:32,5
DA:33,5
DA:34,5
DA:35,5
DA:36,5
DA:37,5
DA:38,5
DA:39,5
DA:40,5
DA:41,5
DA:46,1
DA:48,1
DA:52,6
DA:54,1
DA:55,1
DA:57,1
DA:58,1
DA:60,1
DA:61,1
DA:63,1
DA:64,1
DA:66,6
DA:70,6
DA:71,1
DA:76,2
DA:78,2
DA:79,5
DA:80,13
DA:81,8
DA:82,8
DA:84,8
DA:85,0
DA:90,2
DA:94,4
DA:98,0
DA:99,0
DA:100,0
DA:101,0
DA:102,0
DA:103,0
DA:104,0
DA:105,0
DA:106,0
DA:107,0
DA:112,4
DA:113,4
DA:114,4
DA:115,4
DA:117,4
DA:119,4
DA:120,0
DA:121,0
DA:122,0
DA:123,0
DA:129,9
DA:130,4
DA:135,1
DA:137,1
DA:138,1
DA:143,8
DA:144,8
DA:145,8
DA:146,8
DA:147,8
DA:148,8
DA:150,0
DA:154,4
DA:156,4
DA:157,4
DA:158,0
DA:161,4
DA:165,2
DA:167,2
DA:168,0
DA:169,0
DA:170,0
DA:173,2
DA:177,2
DA:178,0
DA:180,2
DA:181,41
DA:183,2
DA:185,2
DA:189,2
DA:190,0
DA:192,2
DA:194,2
DA:195,0
DA:198,2
DA:202,2
DA:203,2
DA:204,2
DA:205,2
DA:207,2
DA:208,2
DA:209,0
DA:212,2
DA:213,2
DA:214,2
DA:215,2
DA:220,2
DA:222,2
DA:223,6
DA:224,20
DA:225,8
DA:232,6
DA:233,6
DA:235,6
DA:237,6
DA:238,3
DA:241,6
DA:243,6
DA:244,6
DA:245,6
DA:249,3
DA:250,2
DA:251,2
DA:252,2
DA:253,2
DA:254,0
DA:261,3
DA:265,2
DA:266,4
DA:267,4
DA:272,51
DA:274,51
DA:275,152
DA:276,502
DA:277,203
DA:278,203
DA:280,203
DA:287,2
DA:292,49
LF:141
LH:116
BRDA:52,0,0,1
BRDA:52,0,1,1
BRDA:52,0,2,1
BRDA:52,0,3,1
BRDA:70,1,0,1
BRDA:80,2,0,8
BRDA:84,3,0,0
BRDA:84,4,0,8
BRDA:84,4,1,8
BRDA:121,5,0,0
BRDA:129,6,0,4
BRDA:144,7,0,8
BRDA:154,8,0,2
BRDA:154,8,1,2
BRDA:157,9,0,0
BRDA:167,10,0,0
BRDA:177,11,0,0
BRDA:189,12,0,0
BRDA:194,13,0,0
BRDA:208,14,0,0
BRDA:213,15,0,2
BRDA:224,16,0,8
BRDA:237,17,0,3
BRDA:251,18,0,2
BRDA:253,19,0,0
BRDA:276,20,0,203
BRDA:280,21,0,2
BRDA:281,22,0,203
BRDA:281,22,1,203
BRDA:281,22,2,203
BRDA:281,22,3,203
BRDA:281,22,4,201
BRF:32
BRH:23
end_of_record
TN:
SF:src/classes/utils.ts
FN:51,calculateDropInterval
FN:58,generateZerosMatrix
FN:61,(anonymous_2)
FN:64,unshiftMatrix
FN:70,removeCompletedRows
FN:71,(anonymous_5)
FN:71,(anonymous_6)
FN:74,getSpectrum
FN:94,rotateMatrix
FN:95,(anonymous_9)
FN:95,(anonymous_10)
FN:98,mergeField
FN:99,(anonymous_12)
FNF:13
FNH:13
FNDA:3,calculateDropInterval
FNDA:6,generateZerosMatrix
FNDA:105,(anonymous_2)
FNDA:6,unshiftMatrix
FNDA:6,removeCompletedRows
FNDA:150,(anonymous_5)
FNDA:240,(anonymous_6)
FNDA:3,getSpectrum
FNDA:3,rotateMatrix
FNDA:12,(anonymous_9)
FNDA:48,(anonymous_10)
FNDA:1,mergeField
FNDA:5,(anonymous_12)
DA:6,3
DA:44,3
DA:49,3
DA:51,3
DA:52,3
DA:53,1
DA:55,3
DA:58,3
DA:59,6
DA:61,105
DA:64,3
DA:65,6
DA:66,10
DA:70,3
DA:71,240
DA:74,3
DA:75,3
DA:77,3
DA:78,24
DA:80,24
DA:81,520
DA:82,15
DA:83,15
DA:87,24
DA:88,9
DA:91,3
DA:94,3
DA:95,48
DA:98,3
DA:99,5
DA:101,1
DA:103,1
DA:104,4
DA:105,16
DA:106,4
DA:107,4
DA:109,4
DA:115,4
DA:121,1
LF:39
LH:39
BRDA:52,0,0,1
BRDA:71,1,0,240
BRDA:71,1,1,120
BRDA:81,2,0,15
BRDA:81,3,0,520
BRDA:81,3,1,477
BRDA:87,4,0,9
BRDA:105,5,0,4
BRDA:109,6,0,4
BRDA:110,7,0,4
BRDA:110,7,1,4
BRDA:110,7,2,4
BRDA:110,7,3,4
BRF:13
BRH:13
end_of_record
