TN:
SF:src/classes/Game.ts
FN:15,(anonymous_0)
FN:24,(anonymous_1)
FN:37,(anonymous_2)
FN:41,(anonymous_3)
FN:45,(anonymous_4)
FN:57,(anonymous_5)
FN:65,(anonymous_6)
FN:81,(anonymous_7)
FN:89,(anonymous_8)
FN:93,(anonymous_9)
FN:97,(anonymous_10)
FN:99,(anonymous_11)
FN:103,(anonymous_12)
FN:106,(anonymous_13)
FN:115,(anonymous_14)
FN:127,(anonymous_15)
FN:130,(anonymous_16)
FN:148,(anonymous_17)
FN:162,(anonymous_18)
FN:169,(anonymous_19)
FN:176,(anonymous_20)
FN:186,(anonymous_21)
FN:203,(anonymous_22)
FNF:23
FNH:22
FNDA:1,(anonymous_0)
FNDA:2,(anonymous_1)
FNDA:0,(anonymous_2)
FNDA:2,(anonymous_3)
FNDA:1,(anonymous_4)
FNDA:1,(anonymous_5)
FNDA:3,(anonymous_6)
FNDA:1,(anonymous_7)
FNDA:1,(anonymous_8)
FNDA:1,(anonymous_9)
FNDA:1,(anonymous_10)
FNDA:2,(anonymous_11)
FNDA:1,(anonymous_12)
FNDA:2,(anonymous_13)
FNDA:1,(anonymous_14)
FNDA:3,(anonymous_15)
FNDA:1,(anonymous_16)
FNDA:8,(anonymous_17)
FNDA:1,(anonymous_18)
FNDA:1,(anonymous_19)
FNDA:1,(anonymous_20)
FNDA:5,(anonymous_21)
FNDA:1,(anonymous_22)
DA:1,1
DA:2,1
DA:3,1
DA:9,1
DA:16,1
DA:17,1
DA:18,1
DA:19,1
DA:20,1
DA:25,2
DA:26,2
DA:28,2
DA:30,2000
DA:31,2000
DA:33,2
DA:38,0
DA:42,2
DA:46,1
DA:47,1
DA:48,1
DA:49,3
DA:50,3
DA:58,1
DA:59,2
DA:60,2
DA:66,3
DA:67,3
DA:71,3
DA:73,3
DA:74,3
DA:75,3
DA:77,0
DA:82,1
DA:83,1
DA:84,1
DA:85,1
DA:90,1
DA:94,1
DA:98,1
DA:99,2
DA:104,1
DA:105,1
DA:106,2
DA:108,1
DA:109,1
DA:112,0
DA:116,1
DA:117,0
DA:119,1
DA:120,2
DA:121,0
DA:124,1
DA:128,3
DA:130,3
DA:131,1
DA:136,1
DA:137,1
DA:138,1
DA:139,1
DA:140,1
DA:148,3
DA:149,8
DA:150,8
DA:152,8
DA:153,8
DA:162,3
DA:163,1
DA:164,1
DA:165,1
DA:169,3
DA:170,1
DA:176,3
DA:177,1
DA:178,1
DA:187,5
DA:188,5
DA:189,5
DA:190,2
DA:192,5
DA:193,1
DA:195,5
DA:196,1
DA:198,5
DA:199,1
DA:204,1
DA:205,2
DA:206,1
LF:87
LH:82
BRDA:66,0,0,3
BRDA:66,0,1,0
BRDA:82,1,0,1
BRDA:104,2,0,1
BRDA:108,3,0,1
BRDA:116,4,0,0
BRDA:120,5,0,0
BRDA:138,6,0,1
BRDA:150,7,0,8
BRDA:164,8,0,1
BRDA:188,9,0,5
BRDA:188,10,0,5
BRDA:188,10,1,5
BRDA:189,11,0,2
BRDA:189,12,0,5
BRDA:189,12,1,4
BRDA:192,13,0,1
BRDA:195,14,0,1
BRDA:198,15,0,1
BRDA:205,16,0,1
BRF:20
BRH:17
end_of_record
TN:
SF:src/classes/Piece.ts
FN:7,(anonymous_0)
FN:9,(anonymous_1)
FN:16,(anonymous_2)
FN:21,(anonymous_3)
FN:25,(anonymous_4)
FNF:5
FNH:5
FNDA:13,(anonymous_0)
FNDA:38,(anonymous_1)
FNDA:51,(anonymous_2)
FNDA:3,(anonymous_3)
FNDA:12,(anonymous_4)
DA:1,3
DA:3,3
DA:8,13
DA:9,38
DA:10,2
DA:12,11
DA:17,51
DA:18,51
DA:22,3
DA:26,12
LF:10
LH:10
BRDA:9,0,0,2
BRDA:9,0,1,11
BRF:2
BRH:2
end_of_record
TN:
SF:src/classes/Player.ts
FN:28,(anonymous_0)
FN:47,(anonymous_1)
FN:51,(anonymous_2)
FN:57,(anonymous_3)
FN:75,(anonymous_4)
FN:81,(anonymous_5)
FN:99,(anonymous_6)
FN:104,(anonymous_7)
FN:110,(anonymous_8)
FN:118,(anonymous_9)
FN:124,(anonymous_10)
FN:132,(anonymous_11)
FN:143,(anonymous_12)
FN:154,(anonymous_13)
FN:166,(anonymous_14)
FN:178,(anonymous_15)
FN:191,(anonymous_16)
FN:209,(anonymous_17)
FN:221,(anonymous_18)
FN:238,(anonymous_19)
FN:250,(anonymous_20)
FN:254,(anonymous_21)
FN:261,(anonymous_22)
FNF:23
FNH:22
FNDA:5,(anonymous_0)
FNDA:2,(anonymous_1)
FNDA:1,(anonymous_2)
FNDA:6,(anonymous_3)
FNDA:6,(anonymous_4)
FNDA:2,(anonymous_5)
FNDA:4,(anonymous_6)
FNDA:4,(anonymous_7)
FNDA:0,(anonymous_8)
FNDA:9,(anonymous_9)
FNDA:1,(anonymous_10)
FNDA:8,(anonymous_11)
FNDA:4,(anonymous_12)
FNDA:2,(anonymous_13)
FNDA:2,(anonymous_14)
FNDA:2,(anonymous_15)
FNDA:2,(anonymous_16)
FNDA:2,(anonymous_17)
FNDA:6,(anonymous_18)
FNDA:3,(anonymous_19)
FNDA:3,(anonymous_20)
FNDA:2,(anonymous_21)
FNDA:52,(anonymous_22)
DA:1,2
DA:2,2
DA:3,2
DA:12,2
DA:29,5
DA:30,5
DA:31,5
DA:32,5
DA:33,5
DA:34,5
DA:35,5
DA:36,5
DA:37,5
DA:38,5
DA:39,5
DA:40,5
DA:41,5
DA:42,5
DA:43,5
DA:48,2
DA:52,1
DA:54,1
DA:58,6
DA:60,1
DA:61,1
DA:63,1
DA:64,1
DA:66,1
DA:67,1
DA:69,1
DA:70,1
DA:72,6
DA:76,6
DA:77,1
DA:82,2
DA:84,2
DA:85,5
DA:86,13
DA:87,8
DA:88,8
DA:90,8
DA:91,0
DA:96,2
DA:100,4
DA:105,4
DA:106,4
DA:108,4
DA:110,4
DA:111,0
DA:112,0
DA:113,0
DA:119,9
DA:120,4
DA:125,1
DA:127,1
DA:128,1
DA:133,8
DA:134,8
DA:135,8
DA:136,8
DA:137,8
DA:138,8
DA:140,0
DA:144,4
DA:146,4
DA:147,4
DA:148,0
DA:151,4
DA:155,2
DA:157,2
DA:158,0
DA:159,0
DA:160,0
DA:163,2
DA:167,2
DA:168,0
DA:170,2
DA:171,42
DA:173,2
DA:175,2
DA:179,2
DA:180,0
DA:182,2
DA:184,2
DA:185,0
DA:188,2
DA:192,2
DA:193,2
DA:194,2
DA:195,2
DA:197,2
DA:198,2
DA:199,0
DA:202,2
DA:203,2
DA:204,2
DA:205,2
DA:210,2
DA:212,2
DA:213,5
DA:214,13
DA:215,8
DA:222,6
DA:223,6
DA:225,6
DA:227,6
DA:228,3
DA:231,6
DA:233,6
DA:234,6
DA:235,6
DA:239,3
DA:240,2
DA:241,2
DA:242,2
DA:243,2
DA:244,0
DA:251,3
DA:255,2
DA:256,4
DA:257,4
DA:262,52
DA:264,52
DA:265,134
DA:266,364
DA:267,207
DA:268,207
DA:270,207
DA:277,2
DA:282,50
LF:130
LH:116
BRDA:58,0,0,1
BRDA:58,0,1,1
BRDA:58,0,2,1
BRDA:58,0,3,1
BRDA:76,1,0,1
BRDA:86,2,0,8
BRDA:90,3,0,0
BRDA:90,4,0,8
BRDA:90,4,1,8
BRDA:112,5,0,0
BRDA:119,6,0,4
BRDA:134,7,0,8
BRDA:144,8,0,2
BRDA:144,8,1,2
BRDA:147,9,0,0
BRDA:157,10,0,0
BRDA:167,11,0,0
BRDA:179,12,0,0
BRDA:184,13,0,0
BRDA:198,14,0,0
BRDA:203,15,0,2
BRDA:214,16,0,8
BRDA:227,17,0,3
BRDA:241,18,0,2
BRDA:243,19,0,0
BRDA:266,20,0,207
BRDA:270,21,0,2
BRDA:271,22,0,207
BRDA:271,22,1,207
BRDA:271,22,2,207
BRDA:271,22,3,207
BRDA:271,22,4,205
BRF:32
BRH:23
end_of_record
TN:
SF:src/classes/utils.ts
FN:50,calculateDropInterval
FN:57,generateZerosMatrix
FN:60,(anonymous_2)
FN:63,unshiftMatrix
FN:69,removeCompletedRows
FN:70,(anonymous_5)
FN:70,(anonymous_6)
FN:73,getFirstLine
FN:74,(anonymous_8)
FN:74,(anonymous_9)
FN:81,rotateMatrix
FN:82,(anonymous_11)
FN:82,(anonymous_12)
FN:85,mergeField
FN:86,(anonymous_14)
FNF:15
FNH:15
FNDA:3,calculateDropInterval
FNDA:6,generateZerosMatrix
FNDA:105,(anonymous_2)
FNDA:6,unshiftMatrix
FNDA:6,removeCompletedRows
FNDA:150,(anonymous_5)
FNDA:240,(anonymous_6)
FNDA:5,getFirstLine
FNDA:78,(anonymous_8)
FNDA:756,(anonymous_9)
FNDA:3,rotateMatrix
FNDA:11,(anonymous_11)
FNDA:41,(anonymous_12)
FNDA:1,mergeField
FNDA:5,(anonymous_14)
DA:5,3
DA:43,3
DA:48,3
DA:50,3
DA:51,3
DA:52,1
DA:54,3
DA:57,3
DA:58,6
DA:60,105
DA:63,3
DA:64,6
DA:65,10
DA:69,3
DA:70,240
DA:73,3
DA:74,756
DA:75,5
DA:76,1
DA:78,4
DA:81,3
DA:82,41
DA:85,3
DA:86,5
DA:88,1
DA:90,1
DA:91,4
DA:92,16
DA:93,4
DA:94,4
DA:96,4
DA:102,4
DA:108,1
LF:33
LH:33
BRDA:51,0,0,1
BRDA:70,1,0,240
BRDA:70,1,1,120
BRDA:75,2,0,1
BRDA:92,3,0,4
BRDA:96,4,0,4
BRDA:97,5,0,4
BRDA:97,5,1,4
BRDA:97,5,2,4
BRDA:97,5,3,4
BRF:10
BRH:10
end_of_record
